  TDI.cpp
c:\users\juan miguel ha\desktop\ingenieria\2º 2 cuatri\tdi\convolucion-tdi-master\convolucion-tdi-master\source\tdi.cpp(45): warning C4996: 'scanf': This function or variable may be unsafe. Consider using scanf_s instead. To disable deprecation, use _CRT_SECURE_NO_WARNINGS. See online help for details.
  c:\program files (x86)\windows kits\10\include\10.0.16299.0\ucrt\stdio.h(1272): note: vea la declaración de 'scanf'
c:\users\juan miguel ha\desktop\ingenieria\2º 2 cuatri\tdi\convolucion-tdi-master\convolucion-tdi-master\source\tdi.cpp(47): warning C4996: 'strcat': This function or variable may be unsafe. Consider using strcat_s instead. To disable deprecation, use _CRT_SECURE_NO_WARNINGS. See online help for details.
  c:\program files (x86)\windows kits\10\include\10.0.16299.0\ucrt\string.h(89): note: vea la declaración de 'strcat'
c:\users\juan miguel ha\desktop\ingenieria\2º 2 cuatri\tdi\convolucion-tdi-master\convolucion-tdi-master\source\tdi.cpp(48): warning C4996: 'strcat': This function or variable may be unsafe. Consider using strcat_s instead. To disable deprecation, use _CRT_SECURE_NO_WARNINGS. See online help for details.
  c:\program files (x86)\windows kits\10\include\10.0.16299.0\ucrt\string.h(89): note: vea la declaración de 'strcat'
c:\users\juan miguel ha\desktop\ingenieria\2º 2 cuatri\tdi\convolucion-tdi-master\convolucion-tdi-master\source\tdi.cpp(79): warning C4996: 'scanf': This function or variable may be unsafe. Consider using scanf_s instead. To disable deprecation, use _CRT_SECURE_NO_WARNINGS. See online help for details.
  c:\program files (x86)\windows kits\10\include\10.0.16299.0\ucrt\stdio.h(1272): note: vea la declaración de 'scanf'
c:\users\juan miguel ha\desktop\ingenieria\2º 2 cuatri\tdi\convolucion-tdi-master\convolucion-tdi-master\source\tdi.cpp(151): warning C4996: 'strcat': This function or variable may be unsafe. Consider using strcat_s instead. To disable deprecation, use _CRT_SECURE_NO_WARNINGS. See online help for details.
  c:\program files (x86)\windows kits\10\include\10.0.16299.0\ucrt\string.h(89): note: vea la declaración de 'strcat'
c:\users\juan miguel ha\desktop\ingenieria\2º 2 cuatri\tdi\convolucion-tdi-master\convolucion-tdi-master\source\tdi.cpp(152): warning C4996: 'strcat': This function or variable may be unsafe. Consider using strcat_s instead. To disable deprecation, use _CRT_SECURE_NO_WARNINGS. See online help for details.
  c:\program files (x86)\windows kits\10\include\10.0.16299.0\ucrt\string.h(89): note: vea la declaración de 'strcat'
c:\users\juan miguel ha\desktop\ingenieria\2º 2 cuatri\tdi\convolucion-tdi-master\convolucion-tdi-master\source\tdi.cpp(174): warning C4244: 'return': conversión de 'double' a 'int'; posible pérdida de datos
c:\users\juan miguel ha\desktop\ingenieria\2º 2 cuatri\tdi\convolucion-tdi-master\convolucion-tdi-master\source\tdi.cpp(178): warning C4244: 'return': conversión de 'double' a 'int'; posible pérdida de datos
c:\users\juan miguel ha\desktop\ingenieria\2º 2 cuatri\tdi\convolucion-tdi-master\convolucion-tdi-master\source\tdi.cpp(182): warning C4244: 'return': conversión de 'double' a 'int'; posible pérdida de datos
c:\users\juan miguel ha\desktop\ingenieria\2º 2 cuatri\tdi\convolucion-tdi-master\convolucion-tdi-master\source\tdi.cpp(186): warning C4244: 'return': conversión de 'double' a 'int'; posible pérdida de datos
c:\users\juan miguel ha\desktop\ingenieria\2º 2 cuatri\tdi\convolucion-tdi-master\convolucion-tdi-master\source\tdi.cpp(190): warning C4244: 'return': conversión de 'double' a 'int'; posible pérdida de datos
c:\users\juan miguel ha\desktop\ingenieria\2º 2 cuatri\tdi\convolucion-tdi-master\convolucion-tdi-master\source\tdi.cpp(194): warning C4244: 'return': conversión de 'double' a 'int'; posible pérdida de datos
c:\users\juan miguel ha\desktop\ingenieria\2º 2 cuatri\tdi\convolucion-tdi-master\convolucion-tdi-master\source\tdi.cpp(198): warning C4244: 'return': conversión de 'double' a 'int'; posible pérdida de datos
c:\users\juan miguel ha\desktop\ingenieria\2º 2 cuatri\tdi\convolucion-tdi-master\convolucion-tdi-master\source\tdi.cpp(202): warning C4244: 'return': conversión de 'double' a 'int'; posible pérdida de datos
c:\users\juan miguel ha\desktop\ingenieria\2º 2 cuatri\tdi\convolucion-tdi-master\convolucion-tdi-master\source\tdi.cpp(205): warning C4244: 'return': conversión de 'double' a 'int'; posible pérdida de datos
c:\users\juan miguel ha\desktop\ingenieria\2º 2 cuatri\tdi\convolucion-tdi-master\convolucion-tdi-master\source\tdi.cpp(231): warning C4996: 'strcat': This function or variable may be unsafe. Consider using strcat_s instead. To disable deprecation, use _CRT_SECURE_NO_WARNINGS. See online help for details.
  c:\program files (x86)\windows kits\10\include\10.0.16299.0\ucrt\string.h(89): note: vea la declaración de 'strcat'
c:\users\juan miguel ha\desktop\ingenieria\2º 2 cuatri\tdi\convolucion-tdi-master\convolucion-tdi-master\source\tdi.cpp(246): warning C4996: 'strcat': This function or variable may be unsafe. Consider using strcat_s instead. To disable deprecation, use _CRT_SECURE_NO_WARNINGS. See online help for details.
  c:\program files (x86)\windows kits\10\include\10.0.16299.0\ucrt\string.h(89): note: vea la declaración de 'strcat'
c:\users\juan miguel ha\desktop\ingenieria\2º 2 cuatri\tdi\convolucion-tdi-master\convolucion-tdi-master\source\tdi.cpp(262): warning C4996: 'strcat': This function or variable may be unsafe. Consider using strcat_s instead. To disable deprecation, use _CRT_SECURE_NO_WARNINGS. See online help for details.
  c:\program files (x86)\windows kits\10\include\10.0.16299.0\ucrt\string.h(89): note: vea la declaración de 'strcat'
c:\users\juan miguel ha\desktop\ingenieria\2º 2 cuatri\tdi\convolucion-tdi-master\convolucion-tdi-master\source\tdi.cpp(280): warning C4996: 'strcat': This function or variable may be unsafe. Consider using strcat_s instead. To disable deprecation, use _CRT_SECURE_NO_WARNINGS. See online help for details.
  c:\program files (x86)\windows kits\10\include\10.0.16299.0\ucrt\string.h(89): note: vea la declaración de 'strcat'
c:\users\juan miguel ha\desktop\ingenieria\2º 2 cuatri\tdi\convolucion-tdi-master\convolucion-tdi-master\source\tdi.cpp(299): warning C4996: 'strcat': This function or variable may be unsafe. Consider using strcat_s instead. To disable deprecation, use _CRT_SECURE_NO_WARNINGS. See online help for details.
  c:\program files (x86)\windows kits\10\include\10.0.16299.0\ucrt\string.h(89): note: vea la declaración de 'strcat'
c:\users\juan miguel ha\desktop\ingenieria\2º 2 cuatri\tdi\convolucion-tdi-master\convolucion-tdi-master\source\tdi.cpp(329): warning C4996: 'strcat': This function or variable may be unsafe. Consider using strcat_s instead. To disable deprecation, use _CRT_SECURE_NO_WARNINGS. See online help for details.
  c:\program files (x86)\windows kits\10\include\10.0.16299.0\ucrt\string.h(89): note: vea la declaración de 'strcat'
c:\users\juan miguel ha\desktop\ingenieria\2º 2 cuatri\tdi\convolucion-tdi-master\convolucion-tdi-master\source\tdi.cpp(346): warning C4996: 'strcat': This function or variable may be unsafe. Consider using strcat_s instead. To disable deprecation, use _CRT_SECURE_NO_WARNINGS. See online help for details.
  c:\program files (x86)\windows kits\10\include\10.0.16299.0\ucrt\string.h(89): note: vea la declaración de 'strcat'
c:\users\juan miguel ha\desktop\ingenieria\2º 2 cuatri\tdi\convolucion-tdi-master\convolucion-tdi-master\source\tdi.cpp(363): warning C4996: 'strcat': This function or variable may be unsafe. Consider using strcat_s instead. To disable deprecation, use _CRT_SECURE_NO_WARNINGS. See online help for details.
  c:\program files (x86)\windows kits\10\include\10.0.16299.0\ucrt\string.h(89): note: vea la declaración de 'strcat'
c:\users\juan miguel ha\desktop\ingenieria\2º 2 cuatri\tdi\convolucion-tdi-master\convolucion-tdi-master\source\tdi.cpp(381): warning C4996: 'strcat': This function or variable may be unsafe. Consider using strcat_s instead. To disable deprecation, use _CRT_SECURE_NO_WARNINGS. See online help for details.
  c:\program files (x86)\windows kits\10\include\10.0.16299.0\ucrt\string.h(89): note: vea la declaración de 'strcat'
c:\users\juan miguel ha\desktop\ingenieria\2º 2 cuatri\tdi\convolucion-tdi-master\convolucion-tdi-master\source\tdi.cpp(403): warning C4996: 'strcat': This function or variable may be unsafe. Consider using strcat_s instead. To disable deprecation, use _CRT_SECURE_NO_WARNINGS. See online help for details.
  c:\program files (x86)\windows kits\10\include\10.0.16299.0\ucrt\string.h(89): note: vea la declaración de 'strcat'
c:\users\juan miguel ha\desktop\ingenieria\2º 2 cuatri\tdi\convolucion-tdi-master\convolucion-tdi-master\source\tdi.cpp(419): warning C4996: 'strcat': This function or variable may be unsafe. Consider using strcat_s instead. To disable deprecation, use _CRT_SECURE_NO_WARNINGS. See online help for details.
  c:\program files (x86)\windows kits\10\include\10.0.16299.0\ucrt\string.h(89): note: vea la declaración de 'strcat'
c:\users\juan miguel ha\desktop\ingenieria\2º 2 cuatri\tdi\convolucion-tdi-master\convolucion-tdi-master\source\tdi.cpp(436): warning C4996: 'strcat': This function or variable may be unsafe. Consider using strcat_s instead. To disable deprecation, use _CRT_SECURE_NO_WARNINGS. See online help for details.
  c:\program files (x86)\windows kits\10\include\10.0.16299.0\ucrt\string.h(89): note: vea la declaración de 'strcat'
  TDI.vcxproj -> C:\Users\Juan Miguel HA\Desktop\INGENIERIA\2º 2 Cuatri\TDI\Convolucion-TDI-master\Convolucion-TDI-master\Debug\TDI.exe
